{"C:\\Users\\AYACUCHO\\Desktop\\Proyectos\\Proyecto Constructora\\backend\\src\\app.js": {"path":"C:\\Users\\AYACUCHO\\Desktop\\Proyectos\\Proyecto Constructora\\backend\\src\\app.js","statementMap":{"0":{"start":{"line":1,"column":16},"end":{"line":1,"column":34}},"1":{"start":{"line":2,"column":12},"end":{"line":2,"column":21}},"2":{"start":{"line":3,"column":0},"end":{"line":3,"column":24}},"3":{"start":{"line":5,"column":0},"end":{"line":9,"column":3}},"4":{"start":{"line":6,"column":2},"end":{"line":6,"column":102}},"5":{"start":{"line":6,"column":48},"end":{"line":6,"column":102}},"6":{"start":{"line":7,"column":2},"end":{"line":7,"column":110}},"7":{"start":{"line":7,"column":43},"end":{"line":7,"column":110}},"8":{"start":{"line":8,"column":2},"end":{"line":8,"column":84}},"9":{"start":{"line":11,"column":0},"end":{"line":15,"column":3}},"10":{"start":{"line":12,"column":2},"end":{"line":12,"column":64}},"11":{"start":{"line":12,"column":34},"end":{"line":12,"column":64}},"12":{"start":{"line":13,"column":2},"end":{"line":13,"column":81}},"13":{"start":{"line":13,"column":24},"end":{"line":13,"column":81}},"14":{"start":{"line":14,"column":2},"end":{"line":14,"column":73}},"15":{"start":{"line":17,"column":0},"end":{"line":19,"column":3}},"16":{"start":{"line":18,"column":2},"end":{"line":18,"column":51}},"17":{"start":{"line":21,"column":0},"end":{"line":23,"column":3}},"18":{"start":{"line":22,"column":2},"end":{"line":22,"column":49}},"19":{"start":{"line":25,"column":0},"end":{"line":29,"column":3}},"20":{"start":{"line":26,"column":2},"end":{"line":26,"column":116}},"21":{"start":{"line":26,"column":34},"end":{"line":26,"column":116}},"22":{"start":{"line":27,"column":2},"end":{"line":27,"column":123}},"23":{"start":{"line":27,"column":36},"end":{"line":27,"column":123}},"24":{"start":{"line":28,"column":2},"end":{"line":28,"column":77}},"25":{"start":{"line":31,"column":0},"end":{"line":31,"column":21}}},"fnMap":{"0":{"name":"(anonymous_0)","decl":{"start":{"line":5,"column":28},"end":{"line":5,"column":29}},"loc":{"start":{"line":5,"column":42},"end":{"line":9,"column":1}},"line":5},"1":{"name":"(anonymous_1)","decl":{"start":{"line":11,"column":27},"end":{"line":11,"column":28}},"loc":{"start":{"line":11,"column":41},"end":{"line":15,"column":1}},"line":11},"2":{"name":"(anonymous_2)","decl":{"start":{"line":17,"column":26},"end":{"line":17,"column":27}},"loc":{"start":{"line":17,"column":40},"end":{"line":19,"column":1}},"line":17},"3":{"name":"(anonymous_3)","decl":{"start":{"line":21,"column":29},"end":{"line":21,"column":30}},"loc":{"start":{"line":21,"column":43},"end":{"line":23,"column":1}},"line":21},"4":{"name":"(anonymous_4)","decl":{"start":{"line":25,"column":39},"end":{"line":25,"column":40}},"loc":{"start":{"line":25,"column":53},"end":{"line":29,"column":1}},"line":25}},"branchMap":{"0":{"loc":{"start":{"line":6,"column":2},"end":{"line":6,"column":102}},"type":"if","locations":[{"start":{"line":6,"column":2},"end":{"line":6,"column":102}},{"start":{},"end":{}}],"line":6},"1":{"loc":{"start":{"line":7,"column":2},"end":{"line":7,"column":110}},"type":"if","locations":[{"start":{"line":7,"column":2},"end":{"line":7,"column":110}},{"start":{},"end":{}}],"line":7},"2":{"loc":{"start":{"line":12,"column":2},"end":{"line":12,"column":64}},"type":"if","locations":[{"start":{"line":12,"column":2},"end":{"line":12,"column":64}},{"start":{},"end":{}}],"line":12},"3":{"loc":{"start":{"line":13,"column":2},"end":{"line":13,"column":81}},"type":"if","locations":[{"start":{"line":13,"column":2},"end":{"line":13,"column":81}},{"start":{},"end":{}}],"line":13},"4":{"loc":{"start":{"line":26,"column":2},"end":{"line":26,"column":116}},"type":"if","locations":[{"start":{"line":26,"column":2},"end":{"line":26,"column":116}},{"start":{},"end":{}}],"line":26},"5":{"loc":{"start":{"line":27,"column":2},"end":{"line":27,"column":123}},"type":"if","locations":[{"start":{"line":27,"column":2},"end":{"line":27,"column":123}},{"start":{},"end":{}}],"line":27}},"s":{"0":3,"1":3,"2":3,"3":3,"4":5,"5":1,"6":4,"7":1,"8":3,"9":3,"10":3,"11":1,"12":2,"13":1,"14":1,"15":3,"16":1,"17":3,"18":1,"19":3,"20":3,"21":1,"22":2,"23":1,"24":1,"25":3},"f":{"0":5,"1":3,"2":1,"3":1,"4":3},"b":{"0":[1,4],"1":[1,3],"2":[1,2],"3":[1,1],"4":[1,2],"5":[1,1]},"_coverageSchema":"1a1c01bbd47fc00a2c39e90264f33305004495a9","hash":"5a1550a1f284fd04841be6889e059751a13111a3"}
,"C:\\Users\\AYACUCHO\\Desktop\\Proyectos\\Proyecto Constructora\\backend\\src\\models\\index.js": {"path":"C:\\Users\\AYACUCHO\\Desktop\\Proyectos\\Proyecto Constructora\\backend\\src\\models\\index.js","statementMap":{"0":{"start":{"line":1,"column":0},"end":{"line":12,"column":2}},"1":{"start":{"line":7,"column":29},"end":{"line":7,"column":47}},"2":{"start":{"line":10,"column":29},"end":{"line":10,"column":47}}},"fnMap":{"0":{"name":"(anonymous_0)","decl":{"start":{"line":3,"column":10},"end":{"line":3,"column":11}},"loc":{"start":{"line":3,"column":22},"end":{"line":3,"column":24}},"line":3},"1":{"name":"(anonymous_1)","decl":{"start":{"line":4,"column":11},"end":{"line":4,"column":12}},"loc":{"start":{"line":4,"column":23},"end":{"line":4,"column":25}},"line":4},"2":{"name":"(anonymous_2)","decl":{"start":{"line":7,"column":12},"end":{"line":7,"column":13}},"loc":{"start":{"line":7,"column":29},"end":{"line":7,"column":47}},"line":7},"3":{"name":"(anonymous_3)","decl":{"start":{"line":10,"column":12},"end":{"line":10,"column":13}},"loc":{"start":{"line":10,"column":29},"end":{"line":10,"column":47}},"line":10}},"branchMap":{},"s":{"0":1,"1":1,"2":1},"f":{"0":0,"1":0,"2":1,"3":1},"b":{},"_coverageSchema":"1a1c01bbd47fc00a2c39e90264f33305004495a9","hash":"93f3a1020de672cc7143fe93248aaabf46102a00"}
,"C:\\Users\\AYACUCHO\\Desktop\\Proyectos\\Proyecto Constructora\\backend\\src\\utils\\auth.js": {"path":"C:\\Users\\AYACUCHO\\Desktop\\Proyectos\\Proyecto Constructora\\backend\\src\\utils\\auth.js","statementMap":{"0":{"start":{"line":2,"column":2},"end":{"line":2,"column":37}},"1":{"start":{"line":5,"column":2},"end":{"line":5,"column":46}},"2":{"start":{"line":7,"column":0},"end":{"line":7,"column":53}}},"fnMap":{"0":{"name":"hashPassword","decl":{"start":{"line":1,"column":15},"end":{"line":1,"column":27}},"loc":{"start":{"line":1,"column":35},"end":{"line":3,"column":1}},"line":1},"1":{"name":"verificarPassword","decl":{"start":{"line":4,"column":15},"end":{"line":4,"column":32}},"loc":{"start":{"line":4,"column":46},"end":{"line":6,"column":1}},"line":4}},"branchMap":{},"s":{"0":4,"1":2,"2":2},"f":{"0":4,"1":2},"b":{},"_coverageSchema":"1a1c01bbd47fc00a2c39e90264f33305004495a9","hash":"8ecbe04f14a82c2d1a41b0b88de32c349e831cf2"}
,"C:\\Users\\AYACUCHO\\Desktop\\Proyectos\\Proyecto Constructora\\backend\\src\\utils\\avance.js": {"path":"C:\\Users\\AYACUCHO\\Desktop\\Proyectos\\Proyecto Constructora\\backend\\src\\utils\\avance.js","statementMap":{"0":{"start":{"line":2,"column":2},"end":{"line":2,"column":41}},"1":{"start":{"line":2,"column":32},"end":{"line":2,"column":41}},"2":{"start":{"line":3,"column":18},"end":{"line":3,"column":67}},"3":{"start":{"line":3,"column":42},"end":{"line":3,"column":66}},"4":{"start":{"line":4,"column":2},"end":{"line":4,"column":37}},"5":{"start":{"line":4,"column":28},"end":{"line":4,"column":37}},"6":{"start":{"line":5,"column":14},"end":{"line":5,"column":70}},"7":{"start":{"line":5,"column":44},"end":{"line":5,"column":66}},"8":{"start":{"line":6,"column":2},"end":{"line":6,"column":42}},"9":{"start":{"line":8,"column":0},"end":{"line":8,"column":41}}},"fnMap":{"0":{"name":"calcularAvanceTotal","decl":{"start":{"line":1,"column":9},"end":{"line":1,"column":28}},"loc":{"start":{"line":1,"column":42},"end":{"line":7,"column":1}},"line":1},"1":{"name":"(anonymous_1)","decl":{"start":{"line":3,"column":37},"end":{"line":3,"column":38}},"loc":{"start":{"line":3,"column":42},"end":{"line":3,"column":66}},"line":3},"2":{"name":"(anonymous_2)","decl":{"start":{"line":5,"column":29},"end":{"line":5,"column":30}},"loc":{"start":{"line":5,"column":44},"end":{"line":5,"column":66}},"line":5}},"branchMap":{"0":{"loc":{"start":{"line":2,"column":2},"end":{"line":2,"column":41}},"type":"if","locations":[{"start":{"line":2,"column":2},"end":{"line":2,"column":41}},{"start":{},"end":{}}],"line":2},"1":{"loc":{"start":{"line":4,"column":2},"end":{"line":4,"column":37}},"type":"if","locations":[{"start":{"line":4,"column":2},"end":{"line":4,"column":37}},{"start":{},"end":{}}],"line":4}},"s":{"0":4,"1":1,"2":3,"3":9,"4":3,"5":0,"6":3,"7":8,"8":3,"9":1},"f":{"0":4,"1":9,"2":8},"b":{"0":[1,3],"1":[0,3]},"_coverageSchema":"1a1c01bbd47fc00a2c39e90264f33305004495a9","hash":"bfd6d95cf6a94d3c79bc94611e9e506a428095c0"}
,"C:\\Users\\AYACUCHO\\Desktop\\Proyectos\\Proyecto Constructora\\backend\\src\\utils\\validaciones.js": {"path":"C:\\Users\\AYACUCHO\\Desktop\\Proyectos\\Proyecto Constructora\\backend\\src\\utils\\validaciones.js","statementMap":{"0":{"start":{"line":2,"column":2},"end":{"line":2,"column":98}},"1":{"start":{"line":2,"column":21},"end":{"line":2,"column":98}},"2":{"start":{"line":3,"column":2},"end":{"line":3,"column":142}},"3":{"start":{"line":3,"column":44},"end":{"line":3,"column":142}},"4":{"start":{"line":4,"column":2},"end":{"line":4,"column":106}},"5":{"start":{"line":4,"column":30},"end":{"line":4,"column":106}},"6":{"start":{"line":5,"column":2},"end":{"line":5,"column":39}},"7":{"start":{"line":7,"column":0},"end":{"line":7,"column":37}}},"fnMap":{"0":{"name":"validarProyecto","decl":{"start":{"line":1,"column":9},"end":{"line":1,"column":24}},"loc":{"start":{"line":1,"column":32},"end":{"line":6,"column":1}},"line":1}},"branchMap":{"0":{"loc":{"start":{"line":2,"column":2},"end":{"line":2,"column":98}},"type":"if","locations":[{"start":{"line":2,"column":2},"end":{"line":2,"column":98}},{"start":{},"end":{}}],"line":2},"1":{"loc":{"start":{"line":3,"column":2},"end":{"line":3,"column":142}},"type":"if","locations":[{"start":{"line":3,"column":2},"end":{"line":3,"column":142}},{"start":{},"end":{}}],"line":3},"2":{"loc":{"start":{"line":4,"column":2},"end":{"line":4,"column":106}},"type":"if","locations":[{"start":{"line":4,"column":2},"end":{"line":4,"column":106}},{"start":{},"end":{}}],"line":4}},"s":{"0":4,"1":1,"2":3,"3":1,"4":2,"5":1,"6":1,"7":1},"f":{"0":4},"b":{"0":[1,3],"1":[1,2],"2":[1,1]},"_coverageSchema":"1a1c01bbd47fc00a2c39e90264f33305004495a9","hash":"0c77b8b24693241b8f17da60ef268829760890f8"}
}
