TN:
SF:src\app.js
FN:5,(anonymous_0)
FN:11,(anonymous_1)
FN:17,(anonymous_2)
FN:21,(anonymous_3)
FN:25,(anonymous_4)
FNF:5
FNH:5
FNDA:5,(anonymous_0)
FNDA:3,(anonymous_1)
FNDA:1,(anonymous_2)
FNDA:1,(anonymous_3)
FNDA:3,(anonymous_4)
DA:1,3
DA:2,3
DA:3,3
DA:5,3
DA:6,5
DA:7,4
DA:8,3
DA:11,3
DA:12,3
DA:13,2
DA:14,1
DA:17,3
DA:18,1
DA:21,3
DA:22,1
DA:25,3
DA:26,3
DA:27,2
DA:28,1
DA:31,3
LF:20
LH:20
BRDA:6,0,0,1
BRDA:6,0,1,4
BRDA:7,1,0,1
BRDA:7,1,1,3
BRDA:12,2,0,1
BRDA:12,2,1,2
BRDA:13,3,0,1
BRDA:13,3,1,1
BRDA:26,4,0,1
BRDA:26,4,1,2
BRDA:27,5,0,1
BRDA:27,5,1,1
BRF:12
BRH:12
end_of_record
TN:
SF:src\models\index.js
FN:3,(anonymous_0)
FN:4,(anonymous_1)
FN:7,(anonymous_2)
FN:10,(anonymous_3)
FNF:4
FNH:2
FNDA:0,(anonymous_0)
FNDA:0,(anonymous_1)
FNDA:1,(anonymous_2)
FNDA:1,(anonymous_3)
DA:1,1
DA:7,1
DA:10,1
LF:3
LH:3
BRF:0
BRH:0
end_of_record
TN:
SF:src\utils\auth.js
FN:1,hashPassword
FN:4,verificarPassword
FNF:2
FNH:2
FNDA:4,hashPassword
FNDA:2,verificarPassword
DA:2,4
DA:5,2
DA:7,2
LF:3
LH:3
BRF:0
BRH:0
end_of_record
TN:
SF:src\utils\avance.js
FN:1,calcularAvanceTotal
FN:3,(anonymous_1)
FN:5,(anonymous_2)
FNF:3
FNH:3
FNDA:4,calcularAvanceTotal
FNDA:9,(anonymous_1)
FNDA:8,(anonymous_2)
DA:2,4
DA:3,9
DA:4,3
DA:5,8
DA:6,3
DA:8,1
LF:6
LH:6
BRDA:2,0,0,1
BRDA:2,0,1,3
BRDA:4,1,0,0
BRDA:4,1,1,3
BRF:4
BRH:3
end_of_record
TN:
SF:src\utils\validaciones.js
FN:1,validarProyecto
FNF:1
FNH:1
FNDA:4,validarProyecto
DA:2,4
DA:3,3
DA:4,2
DA:5,1
DA:7,1
LF:5
LH:5
BRDA:2,0,0,1
BRDA:2,0,1,3
BRDA:3,1,0,1
BRDA:3,1,1,2
BRDA:4,2,0,1
BRDA:4,2,1,1
BRF:6
BRH:6
end_of_record
